<?xml version="1.0" encoding="UTF-8"?>
<testsuite xmlns:xsi="http://www.w3.org/2001/XMLSchema-instance" xsi:noNamespaceSchemaLocation="https://maven.apache.org/surefire/maven-surefire-plugin/xsd/surefire-test-report-3.0.xsd" version="3.0" name="edu.rit.swen253.test.HoursAndLocations.HoursLocationsTest" time="16.111" tests="3" errors="0" skipped="0" failures="0">
  <properties>
[...]
</properties>
  <testcase name="navigateToClassSearchPage" classname="edu.rit.swen253.test.HoursAndLocations.HoursLocationsTest" time="3.959">
    <system-err><![CDATA[Aug 06, 2024 9:52:28 AM edu.rit.swen253.utils.SeleniumUtils setupDriver INFO: Operating system: WINDOWS
Aug 06, 2024 9:52:28 AM edu.rit.swen253.utils.SeleniumUtils setupDriver INFO: Browser: CHROME
Aug 06, 2024 9:52:28 AM edu.rit.swen253.utils.SeleniumUtils setupDriver INFO: Screen Mode: DESKTOP
Aug 06, 2024 9:52:29 AM org.openqa.selenium.devtools.CdpVersionFinder findNearestMatch WARNING: Unable to find an exact match for CDP version 127, returning the closest version; found: 126; Please update to a Selenium version that supports CDP version 127
Aug 06, 2024 9:52:33 AM edu.rit.swen253.test.HoursAndLocations.HoursLocationsTest navigateToClassSearchPage INFO: Navigated to the Tiger Center Hours and Locations page: D5FF1A92BD196DAD51C3A39B3632D67E
]]></system-err>
  </testcase>
  <testcase name="clickThroughHoursMenuandDescription" classname="edu.rit.swen253.test.HoursAndLocations.HoursLocationsTest" time="5.641">
    <system-out><![CDATA[[7:30AM - 2:30PM, No Menu Available., Located in Monroe Hall, Artesano Bakery & Cafe is the on-campus patisserie offering a wide selection of delicacies, including breakfast sandwiches, pastries, cookies, and cupcakes with a variety of gluten-free and vegan options. Artesano serves blended frozen drinks, espressos, lattes and cappuccinos from Peet's Coffee.

This location is cashless on weekends and after 5 p.m. on weekdays. Customers using cash may use a Tiger Spend Reload Station to add funds to an existing RIT ID card or a Reload Card.]
]]></system-out>
  </testcase>
  <testcase name="testretrieveLocations" classname="edu.rit.swen253.test.HoursAndLocations.HoursLocationsTest" time="5.166">
    <system-out><![CDATA[[[[[[[[ChromeDriver: chrome on windows (8ae0356181ba417c092b3da554e1330e)] -> xpath: /html/body]] -> css selector: div]] -> xpath: //*[@id="mat-tab-content-0-0"]/div/dining/div[1]/div/div[9]/div[2]/div], [[[[[[ChromeDriver: chrome on windows (8ae0356181ba417c092b3da554e1330e)] -> xpath: /html/body]] -> css selector: div]] -> xpath: //*[@id="mat-tab-content-0-0"]/div/dining/div[1]/div/div[9]/div[2]/div], [[[[[[ChromeDriver: chrome on windows (8ae0356181ba417c092b3da554e1330e)] -> xpath: /html/body]] -> css selector: div]] -> xpath: //*[@id="mat-tab-content-0-0"]/div/dining/div[1]/div/div[9]/div[2]/div], [[[[[[ChromeDriver: chrome on windows (8ae0356181ba417c092b3da554e1330e)] -> xpath: /html/body]] -> css selector: div]] -> xpath: //*[@id="mat-tab-content-0-0"]/div/dining/div[1]/div/div[9]/div[2]/div]]
]]></system-out>
  </testcase>
</testsuite>